<?xml version="1.0" encoding="UTF-8"?>
<!-- Generated by org.testng.reporters.JUnitXMLReporter -->
<testsuite ignored="16" hostname="DESKTOP-PP9JQ79" failures="0" tests="5" name="Test" time="111.365" errors="0" timestamp="2022-08-11T13:53:04 IST">
  <testcase classname="com.crm.sdet.campaign.CreateCampaignWithProductNameTest" name="createcampaignwithproductname" time="25.809"/>
  <testcase classname="com.crm.sdet.deleteproduct.deletionTest" name="delete" time="15.245"/>
  <testcase classname="com.crm.sdet.organization.createOrganizationTest" name="createorganization" time="15.687"/>
  <testcase classname="com.crm.sdet.product.createproductTest" name="createproduct" time="10.712"/>
  <testcase classname="com.crm.sdet.campaign.CreateCampaignTest" name="createcampaign" time="17.679"/>
  <testcase classname="comcast.vtiger.generalutility.Baseclass" name="@BeforeSuite beforesuit" time="0.0">
    <ignored/>
  </testcase> <!-- @BeforeSuite beforesuit -->
  <testcase classname="comcast.vtiger.generalutility.Baseclass" name="@BeforeSuite beforesuit" time="0.0">
    <ignored/>
  </testcase> <!-- @BeforeSuite beforesuit -->
  <testcase classname="comcast.vtiger.generalutility.Baseclass" name="@BeforeSuite beforesuit" time="0.0">
    <ignored/>
  </testcase> <!-- @BeforeSuite beforesuit -->
  <testcase classname="comcast.vtiger.generalutility.Baseclass" name="@BeforeSuite beforesuit" time="0.0">
    <ignored/>
  </testcase> <!-- @BeforeSuite beforesuit -->
  <testcase classname="comcast.vtiger.generalutility.Baseclass" name="@AfterSuite aftersuite" time="0.0">
    <ignored/>
  </testcase> <!-- @AfterSuite aftersuite -->
  <testcase classname="comcast.vtiger.generalutility.Baseclass" name="@AfterSuite aftersuite" time="0.0">
    <ignored/>
  </testcase> <!-- @AfterSuite aftersuite -->
  <testcase classname="comcast.vtiger.generalutility.Baseclass" name="@AfterSuite aftersuite" time="0.0">
    <ignored/>
  </testcase> <!-- @AfterSuite aftersuite -->
  <testcase classname="comcast.vtiger.generalutility.Baseclass" name="@AfterSuite aftersuite" time="0.0">
    <ignored/>
  </testcase> <!-- @AfterSuite aftersuite -->
  <testcase classname="comcast.vtiger.generalutility.Baseclass" name="@AfterTest aftertest" time="0.0">
    <ignored/>
  </testcase> <!-- @AfterTest aftertest -->
  <testcase classname="comcast.vtiger.generalutility.Baseclass" name="@AfterTest aftertest" time="0.0">
    <ignored/>
  </testcase> <!-- @AfterTest aftertest -->
  <testcase classname="comcast.vtiger.generalutility.Baseclass" name="@AfterTest aftertest" time="0.0">
    <ignored/>
  </testcase> <!-- @AfterTest aftertest -->
  <testcase classname="comcast.vtiger.generalutility.Baseclass" name="@AfterTest aftertest" time="0.0">
    <ignored/>
  </testcase> <!-- @AfterTest aftertest -->
  <testcase classname="comcast.vtiger.generalutility.Baseclass" name="@BeforeTest beforetest" time="0.0">
    <ignored/>
  </testcase> <!-- @BeforeTest beforetest -->
  <testcase classname="comcast.vtiger.generalutility.Baseclass" name="@BeforeTest beforetest" time="0.0">
    <ignored/>
  </testcase> <!-- @BeforeTest beforetest -->
  <testcase classname="comcast.vtiger.generalutility.Baseclass" name="@BeforeTest beforetest" time="0.0">
    <ignored/>
  </testcase> <!-- @BeforeTest beforetest -->
  <testcase classname="comcast.vtiger.generalutility.Baseclass" name="@BeforeTest beforetest" time="0.0">
    <ignored/>
  </testcase> <!-- @BeforeTest beforetest -->
</testsuite> <!-- Test -->
