<?xml version="1.0" encoding="UTF-8"?>
<testng-results ignored="16" total="21" passed="5" failed="0" skipped="0">
  <reporter-output>
  </reporter-output>
  <suite started-at="2022-08-11T13:51:12 IST" name="Suite" finished-at="2022-08-11T13:53:04 IST" duration-ms="111365">
    <groups>
      <group name="regressionTest">
        <method signature="CreateCampaignTest.createcampaign()[pri:0, instance:com.crm.sdet.campaign.CreateCampaignTest@342c38f8]" name="createcampaign" class="com.crm.sdet.campaign.CreateCampaignTest"/>
        <method signature="CreateCampaignWithProductNameTest.createcampaignwithproductname()[pri:0, instance:com.crm.sdet.campaign.CreateCampaignWithProductNameTest@741a8937]" name="createcampaignwithproductname" class="com.crm.sdet.campaign.CreateCampaignWithProductNameTest"/>
        <method signature="createproductTest.createproduct()[pri:0, instance:com.crm.sdet.product.createproductTest@43dac38f]" name="createproduct" class="com.crm.sdet.product.createproductTest"/>
        <method signature="deletionTest.delete()[pri:0, instance:com.crm.sdet.deleteproduct.deletionTest@6392827e]" name="delete" class="com.crm.sdet.deleteproduct.deletionTest"/>
      </group> <!-- regressionTest -->
      <group name="smokeTest">
        <method signature="CreateCampaignTest.createcampaign()[pri:0, instance:com.crm.sdet.campaign.CreateCampaignTest@342c38f8]" name="createcampaign" class="com.crm.sdet.campaign.CreateCampaignTest"/>
        <method signature="CreateCampaignWithProductNameTest.createcampaignwithproductname()[pri:0, instance:com.crm.sdet.campaign.CreateCampaignWithProductNameTest@741a8937]" name="createcampaignwithproductname" class="com.crm.sdet.campaign.CreateCampaignWithProductNameTest"/>
        <method signature="createproductTest.createproduct()[pri:0, instance:com.crm.sdet.product.createproductTest@43dac38f]" name="createproduct" class="com.crm.sdet.product.createproductTest"/>
        <method signature="deletionTest.delete()[pri:0, instance:com.crm.sdet.deleteproduct.deletionTest@6392827e]" name="delete" class="com.crm.sdet.deleteproduct.deletionTest"/>
      </group> <!-- smokeTest -->
    </groups>
    <test started-at="2022-08-11T13:51:12 IST" name="Test" finished-at="2022-08-11T13:53:04 IST" duration-ms="111365">
      <class name="com.crm.sdet.deleteproduct.deletionTest">
        <test-method is-config="true" signature="beforeclass()[pri:0, instance:com.crm.sdet.deleteproduct.deletionTest@6392827e]" started-at="2022-08-11T13:51:45 IST" name="beforeclass" finished-at="2022-08-11T13:51:46 IST" duration-ms="683" status="PASS">
          <reporter-output>
          </reporter-output>
        </test-method> <!-- beforeclass -->
        <test-method is-config="true" signature="beforemethod()[pri:0, instance:com.crm.sdet.deleteproduct.deletionTest@6392827e]" started-at="2022-08-11T13:51:46 IST" name="beforemethod" finished-at="2022-08-11T13:51:49 IST" duration-ms="3886" status="PASS">
          <reporter-output>
          </reporter-output>
        </test-method> <!-- beforemethod -->
        <test-method signature="delete()[pri:0, instance:com.crm.sdet.deleteproduct.deletionTest@6392827e]" started-at="2022-08-11T13:51:49 IST" name="delete" finished-at="2022-08-11T13:52:05 IST" duration-ms="15245" status="PASS">
          <reporter-output>
          </reporter-output>
        </test-method> <!-- delete -->
        <test-method is-config="true" signature="aftermethod()[pri:0, instance:com.crm.sdet.deleteproduct.deletionTest@6392827e]" started-at="2022-08-11T13:52:05 IST" name="aftermethod" finished-at="2022-08-11T13:52:05 IST" duration-ms="1" status="PASS">
          <reporter-output>
          </reporter-output>
        </test-method> <!-- aftermethod -->
        <test-method is-config="true" signature="afterclass()[pri:0, instance:com.crm.sdet.deleteproduct.deletionTest@6392827e]" started-at="2022-08-11T13:52:05 IST" name="afterclass" finished-at="2022-08-11T13:52:05 IST" duration-ms="1" status="PASS">
          <reporter-output>
          </reporter-output>
        </test-method> <!-- afterclass -->
      </class> <!-- com.crm.sdet.deleteproduct.deletionTest -->
      <class name="com.crm.sdet.campaign.CreateCampaignWithProductNameTest">
        <test-method is-config="true" signature="beforesuit()[pri:0, instance:com.crm.sdet.campaign.CreateCampaignWithProductNameTest@741a8937]" started-at="2022-08-11T13:51:12 IST" name="beforesuit" finished-at="2022-08-11T13:51:12 IST" duration-ms="7" status="PASS">
          <reporter-output>
          </reporter-output>
        </test-method> <!-- beforesuit -->
        <test-method is-config="true" signature="beforetest()[pri:0, instance:com.crm.sdet.campaign.CreateCampaignWithProductNameTest@741a8937]" started-at="2022-08-11T13:51:12 IST" name="beforetest" finished-at="2022-08-11T13:51:12 IST" duration-ms="0" status="PASS">
          <reporter-output>
          </reporter-output>
        </test-method> <!-- beforetest -->
        <test-method is-config="true" signature="beforeclass()[pri:0, instance:com.crm.sdet.campaign.CreateCampaignWithProductNameTest@741a8937]" started-at="2022-08-11T13:51:12 IST" name="beforeclass" finished-at="2022-08-11T13:51:14 IST" duration-ms="1956" status="PASS">
          <reporter-output>
          </reporter-output>
        </test-method> <!-- beforeclass -->
        <test-method is-config="true" signature="beforemethod()[pri:0, instance:com.crm.sdet.campaign.CreateCampaignWithProductNameTest@741a8937]" started-at="2022-08-11T13:51:14 IST" name="beforemethod" finished-at="2022-08-11T13:51:19 IST" duration-ms="4594" status="PASS">
          <reporter-output>
          </reporter-output>
        </test-method> <!-- beforemethod -->
        <test-method signature="createcampaignwithproductname()[pri:0, instance:com.crm.sdet.campaign.CreateCampaignWithProductNameTest@741a8937]" started-at="2022-08-11T13:51:19 IST" name="createcampaignwithproductname" finished-at="2022-08-11T13:51:45 IST" duration-ms="25809" status="PASS">
          <reporter-output>
          </reporter-output>
        </test-method> <!-- createcampaignwithproductname -->
        <test-method is-config="true" signature="aftermethod()[pri:0, instance:com.crm.sdet.campaign.CreateCampaignWithProductNameTest@741a8937]" started-at="2022-08-11T13:51:45 IST" name="aftermethod" finished-at="2022-08-11T13:51:45 IST" duration-ms="0" status="PASS">
          <reporter-output>
          </reporter-output>
        </test-method> <!-- aftermethod -->
        <test-method is-config="true" signature="afterclass()[pri:0, instance:com.crm.sdet.campaign.CreateCampaignWithProductNameTest@741a8937]" started-at="2022-08-11T13:51:45 IST" name="afterclass" finished-at="2022-08-11T13:51:45 IST" duration-ms="0" status="PASS">
          <reporter-output>
          </reporter-output>
        </test-method> <!-- afterclass -->
        <test-method is-config="true" signature="aftertest()[pri:0, instance:com.crm.sdet.campaign.CreateCampaignWithProductNameTest@741a8937]" started-at="2022-08-11T13:53:04 IST" name="aftertest" finished-at="2022-08-11T13:53:04 IST" duration-ms="0" status="PASS">
          <reporter-output>
          </reporter-output>
        </test-method> <!-- aftertest -->
        <test-method is-config="true" signature="aftersuite()[pri:0, instance:com.crm.sdet.campaign.CreateCampaignWithProductNameTest@741a8937]" started-at="2022-08-11T13:53:04 IST" name="aftersuite" finished-at="2022-08-11T13:53:04 IST" duration-ms="1" status="PASS">
          <reporter-output>
          </reporter-output>
        </test-method> <!-- aftersuite -->
      </class> <!-- com.crm.sdet.campaign.CreateCampaignWithProductNameTest -->
      <class name="com.crm.sdet.product.createproductTest">
        <test-method is-config="true" signature="beforeclass()[pri:0, instance:com.crm.sdet.product.createproductTest@43dac38f]" started-at="2022-08-11T13:52:25 IST" name="beforeclass" finished-at="2022-08-11T13:52:26 IST" duration-ms="761" status="PASS">
          <reporter-output>
          </reporter-output>
        </test-method> <!-- beforeclass -->
        <test-method is-config="true" signature="beforemethod()[pri:0, instance:com.crm.sdet.product.createproductTest@43dac38f]" started-at="2022-08-11T13:52:26 IST" name="beforemethod" finished-at="2022-08-11T13:52:30 IST" duration-ms="3561" status="PASS">
          <reporter-output>
          </reporter-output>
        </test-method> <!-- beforemethod -->
        <test-method signature="createproduct()[pri:0, instance:com.crm.sdet.product.createproductTest@43dac38f]" started-at="2022-08-11T13:52:30 IST" name="createproduct" finished-at="2022-08-11T13:52:40 IST" duration-ms="10712" status="PASS">
          <reporter-output>
          </reporter-output>
        </test-method> <!-- createproduct -->
        <test-method is-config="true" signature="aftermethod()[pri:0, instance:com.crm.sdet.product.createproductTest@43dac38f]" started-at="2022-08-11T13:52:40 IST" name="aftermethod" finished-at="2022-08-11T13:52:40 IST" duration-ms="0" status="PASS">
          <reporter-output>
          </reporter-output>
        </test-method> <!-- aftermethod -->
        <test-method is-config="true" signature="afterclass()[pri:0, instance:com.crm.sdet.product.createproductTest@43dac38f]" started-at="2022-08-11T13:52:40 IST" name="afterclass" finished-at="2022-08-11T13:52:40 IST" duration-ms="1" status="PASS">
          <reporter-output>
          </reporter-output>
        </test-method> <!-- afterclass -->
      </class> <!-- com.crm.sdet.product.createproductTest -->
      <class name="com.crm.sdet.organization.createOrganizationTest">
        <test-method is-config="true" signature="beforeclass()[pri:0, instance:com.crm.sdet.organization.createOrganizationTest@d5b810e]" started-at="2022-08-11T13:52:05 IST" name="beforeclass" finished-at="2022-08-11T13:52:05 IST" duration-ms="722" status="PASS">
          <reporter-output>
          </reporter-output>
        </test-method> <!-- beforeclass -->
        <test-method is-config="true" signature="beforemethod()[pri:0, instance:com.crm.sdet.organization.createOrganizationTest@d5b810e]" started-at="2022-08-11T13:52:05 IST" name="beforemethod" finished-at="2022-08-11T13:52:09 IST" duration-ms="4116" status="PASS">
          <reporter-output>
          </reporter-output>
        </test-method> <!-- beforemethod -->
        <test-method signature="createorganization()[pri:0, instance:com.crm.sdet.organization.createOrganizationTest@d5b810e]" started-at="2022-08-11T13:52:09 IST" name="createorganization" finished-at="2022-08-11T13:52:25 IST" duration-ms="15687" status="PASS">
          <reporter-output>
          </reporter-output>
        </test-method> <!-- createorganization -->
        <test-method is-config="true" signature="aftermethod()[pri:0, instance:com.crm.sdet.organization.createOrganizationTest@d5b810e]" started-at="2022-08-11T13:52:25 IST" name="aftermethod" finished-at="2022-08-11T13:52:25 IST" duration-ms="1" status="PASS">
          <reporter-output>
          </reporter-output>
        </test-method> <!-- aftermethod -->
        <test-method is-config="true" signature="afterclass()[pri:0, instance:com.crm.sdet.organization.createOrganizationTest@d5b810e]" started-at="2022-08-11T13:52:25 IST" name="afterclass" finished-at="2022-08-11T13:52:25 IST" duration-ms="1" status="PASS">
          <reporter-output>
          </reporter-output>
        </test-method> <!-- afterclass -->
      </class> <!-- com.crm.sdet.organization.createOrganizationTest -->
      <class name="com.crm.sdet.campaign.CreateCampaignTest">
        <test-method is-config="true" signature="beforeclass()[pri:0, instance:com.crm.sdet.campaign.CreateCampaignTest@342c38f8]" started-at="2022-08-11T13:52:40 IST" name="beforeclass" finished-at="2022-08-11T13:52:41 IST" duration-ms="819" status="PASS">
          <reporter-output>
          </reporter-output>
        </test-method> <!-- beforeclass -->
        <test-method is-config="true" signature="beforemethod()[pri:0, instance:com.crm.sdet.campaign.CreateCampaignTest@342c38f8]" started-at="2022-08-11T13:52:41 IST" name="beforemethod" finished-at="2022-08-11T13:52:46 IST" duration-ms="5066" status="PASS">
          <reporter-output>
          </reporter-output>
        </test-method> <!-- beforemethod -->
        <test-method signature="createcampaign()[pri:0, instance:com.crm.sdet.campaign.CreateCampaignTest@342c38f8]" started-at="2022-08-11T13:52:46 IST" name="createcampaign" finished-at="2022-08-11T13:53:04 IST" duration-ms="17679" status="PASS">
          <reporter-output>
          </reporter-output>
        </test-method> <!-- createcampaign -->
        <test-method is-config="true" signature="aftermethod()[pri:0, instance:com.crm.sdet.campaign.CreateCampaignTest@342c38f8]" started-at="2022-08-11T13:53:04 IST" name="aftermethod" finished-at="2022-08-11T13:53:04 IST" duration-ms="1" status="PASS">
          <reporter-output>
          </reporter-output>
        </test-method> <!-- aftermethod -->
        <test-method is-config="true" signature="afterclass()[pri:0, instance:com.crm.sdet.campaign.CreateCampaignTest@342c38f8]" started-at="2022-08-11T13:53:04 IST" name="afterclass" finished-at="2022-08-11T13:53:04 IST" duration-ms="0" status="PASS">
          <reporter-output>
          </reporter-output>
        </test-method> <!-- afterclass -->
      </class> <!-- com.crm.sdet.campaign.CreateCampaignTest -->
    </test> <!-- Test -->
  </suite> <!-- Suite -->
</testng-results>
